<?xml version="1.0" encoding="UTF-8"?>
<coverage generated="1627610100844" clover="3.2.0">
  <project timestamp="1627610100844" name="All files">
    <metrics statements="6" coveredstatements="4" conditionals="0" coveredconditionals="0" methods="2" coveredmethods="0" elements="8" coveredelements="4" complexity="0" loc="6" ncloc="6" packages="1" files="2" classes="2"/>
    <file name="add.js" path="/home/liang/workstream/testing-pipe-line/add.js">
      <metrics statements="5" coveredstatements="3" conditionals="0" coveredconditionals="0" methods="2" coveredmethods="0"/>
      <line num="1" count="4" type="stmt"/>
      <line num="2" count="0" type="stmt"/>
      <line num="5" count="4" type="stmt"/>
      <line num="6" count="0" type="stmt"/>
      <line num="9" count="4" type="stmt"/>
    </file>
    <file name="index.js" path="/home/liang/workstream/testing-pipe-line/index.js">
      <metrics statements="1" coveredstatements="1" conditionals="0" coveredconditionals="0" methods="0" coveredmethods="0"/>
      <line num="5" count="5" type="stmt"/>
    </file>
  </project>
</coverage>
